0 info it worked if it ends with ok
1 verbose cli [ 'C:\\SWDTOOLS\\nodejs\\node.exe',
1 verbose cli   'C:\\SWDTOOLS\\nodejs\\node_modules\\npm\\bin\\npm-cli.js',
1 verbose cli   'run',
1 verbose cli   'compile-less' ]
2 info using npm@2.14.2
3 info using node@v4.0.0
4 verbose stack Error: missing script: compile-less
4 verbose stack     at run (C:\SWDTOOLS\nodejs\node_modules\npm\lib\run-script.js:142:19)
4 verbose stack     at C:\SWDTOOLS\nodejs\node_modules\npm\lib\run-script.js:58:5
4 verbose stack     at C:\SWDTOOLS\nodejs\node_modules\npm\node_modules\read-package-json\read-json.js:345:5
4 verbose stack     at checkBinReferences_ (C:\SWDTOOLS\nodejs\node_modules\npm\node_modules\read-package-json\read-json.js:309:45)
4 verbose stack     at final (C:\SWDTOOLS\nodejs\node_modules\npm\node_modules\read-package-json\read-json.js:343:3)
4 verbose stack     at then (C:\SWDTOOLS\nodejs\node_modules\npm\node_modules\read-package-json\read-json.js:113:5)
4 verbose stack     at C:\SWDTOOLS\nodejs\node_modules\npm\node_modules\read-package-json\read-json.js:232:12
4 verbose stack     at FSReqWrap.readFileAfterClose [as oncomplete] (evalmachine.<anonymous>:380:3)
5 verbose cwd C:\work\HSBC_Forms\statics\collection\components\src\bundle-hsbc-header\widget-header
6 error Windows_NT 6.1.7601
7 error argv "C:\\SWDTOOLS\\nodejs\\node.exe" "C:\\SWDTOOLS\\nodejs\\node_modules\\npm\\bin\\npm-cli.js" "run" "compile-less"
8 error node v4.0.0
9 error npm  v2.14.2
10 error missing script: compile-less
11 error If you need help, you may report this error at:
11 error     <https://github.com/npm/npm/issues>
12 verbose exit [ 1, true ]
